{
  "0 debug pnpm:scope": {
    "selected": 1
  },
  "1 debug pnpm:package-manifest": {
    "initial": {
      "name": "sway-applications",
      "version": "0.0.0",
      "author": "Fuel Labs <contact@fuel.sh> (https://fuel.network/)",
      "private": true,
      "engines": {
        "node": ">=16"
      },
      "homepage": "https://github.com/FuelLabs/sway-applications#readme",
      "repository": {
        "type": "git",
        "url": "git+https://github.com/FuelLabs/sway-applications.git"
      },
      "license": "Apache-2.0",
      "bugs": {
        "url": "https://github.com/FuelLabs/sway-applications/issues"
      },
      "workspaces": [
        "escrow/*"
      ],
      "scripts": {},
      "devDependencies": {
        "@babel/core": "^7.18.6",
        "@changesets/cli": "^2.23.0",
        "@fuel-ui/test-utils": "workspace:*",
        "@jest/types": "^28.1.1",
        "@types/jest": "^28.1.4",
        "@types/node": "^18.0.3",
        "@types/react": "^18.0.15",
        "@types/react-dom": "^18.0.6",
        "depcheck": "^1.4.3",
        "dotenv": "^16.0.1",
        "eslint": "^8.19.0",
        "husky": "^8.0.1",
        "identity-obj-proxy": "^3.0.0",
        "jest": "^28.1.2",
        "jest-environment-jsdom": "^28.1.2",
        "jest-transform-stub": "^2.0.0",
        "lint-staged": "^13.0.3",
        "npm-run-all": "^4.1.5",
        "prettier": "^2.7.1",
        "ts-jest": "^28.0.5",
        "ts-node": "^10.8.2",
        "tsup": "^6.1.3",
        "turbo": "^1.3.1",
        "typescript": "^4.7.4",
        "updates": "^13.1.2"
      },
      "pnpm": {
        "peerDependencyRules": {
          "allowAny": [
            "react",
            "react-dom"
          ],
          "ignoreMissing": [
            "react",
            "react-dom"
          ]
        }
      }
    },
    "prefix": "/home/mattauer/src/sway-applications"
  },
  "2 debug pnpm:context": {
    "currentLockfileExists": false,
    "storeDir": "/home/mattauer/.local/share/pnpm/store/v3",
    "virtualStoreDir": "/home/mattauer/src/sway-applications/node_modules/.pnpm"
  },
  "3 debug pnpm:stage": {
    "prefix": "/home/mattauer/src/sway-applications",
    "stage": "resolution_started"
  },
  "4 error pnpm": {
    "code": "ERR_PNPM_NO_MATCHING_VERSION_INSIDE_WORKSPACE",
    "pkgsStack": [],
    "err": {
      "name": "pnpm",
      "message": "In : No matching version found for @fuel-ui/test-utils@* inside the workspace",
      "code": "ERR_PNPM_NO_MATCHING_VERSION_INSIDE_WORKSPACE",
      "stack": "pnpm: In : No matching version found for @fuel-ui/test-utils@* inside the workspace\n    at tryResolveFromWorkspace (/home/mattauer/.nvm/versions/node/v17.9.1/lib/node_modules/pnpm/dist/pnpm.cjs:84775:15)\n    at resolveNpm (/home/mattauer/.nvm/versions/node/v17.9.1/lib/node_modules/pnpm/dist/pnpm.cjs:84667:39)\n    at Object.resolve (/home/mattauer/.nvm/versions/node/v17.9.1/lib/node_modules/pnpm/dist/pnpm.cjs:84897:34)\n    at ctx.requestsQueue.add.priority (/home/mattauer/.nvm/versions/node/v17.9.1/lib/node_modules/pnpm/dist/pnpm.cjs:91598:75)\n    at run (/home/mattauer/.nvm/versions/node/v17.9.1/lib/node_modules/pnpm/dist/pnpm.cjs:91359:90)\n    at PQueue._tryToStartAnother (/home/mattauer/.nvm/versions/node/v17.9.1/lib/node_modules/pnpm/dist/pnpm.cjs:91313:13)\n    at /home/mattauer/.nvm/versions/node/v17.9.1/lib/node_modules/pnpm/dist/pnpm.cjs:91372:16\n    at new Promise (<anonymous>)\n    at PQueue.add (/home/mattauer/.nvm/versions/node/v17.9.1/lib/node_modules/pnpm/dist/pnpm.cjs:91354:16)\n    at resolveAndFetch (/home/mattauer/.nvm/versions/node/v17.9.1/lib/node_modules/pnpm/dist/pnpm.cjs:91598:55)"
    }
  }
}